print table
  0  0  0  0  1  1  0  1  2  3  0  2  0  0  1  1  2  0  1  0  0  0  0  2  0  0  1  0  0  1  0  1  0  0  2  2  0  2  1  0  2  0  2  0  0  1  1  2  1  2
  0  1  0  4  1  1  0  0  2  0  0  1  1  1  5  1  4  2  1  1  3  1  2  1  3  1  0  0  0  1  0  1  0  2  1  0  2  1  1  0  1  1  1  1  3  2  2  2  3  1
  2  1  0  0  0  1  0  1  0  1  0  1  2  2  1  1  3  0  0  0  2  2  1  1  0  5  0  2  1  0  1  2  2  1  0  3  1  2  0  3  1  0  0  0  1  1  0  0  2  3
  1  2  0  1  0  0  2  0  1  0  0  1  0  0  0  0  1  2  0  0  1  1  1  1  1  1  0  1  1  0  1  0  2  0  0  2  3  1  1  2  2  0  0  0  2  0  0  2  0  1
  2  2  1  3  1  0  0  1  1  1  1  0  2  2  0  2  0  0  2  0  1  0  1  2  1  1  0  3  0  2  3  1  4  1  0  0  0  2  1  2  0  0  0  1  2  0  0  4  1  0
  4  4  3  2  2  0  0  0  2  1  1  1  0  0  2  1  0  1  0  3  0  0  0  0  3  0  1  1  1  0  0  2  1  2  2  3  0  0  1  4  0  1  2  0  2  1  0  1  0  2
  0  1  2  3  1  0  0  0  0  0  3  0  2  1  2  1  0  1  1  0  1  1  3  2  0  0  1  2  1  0  0  1  0  1  2  4  0  2  1  1  0  0  1  2  2  3  1  0  1  0
  0  1  4  1  1  1  1  1  1  0  0  1  0  1  1  2  1  1  0  2  0  1  0  2  2  3  0  1  1  3  0  0  0  0  2  0  1  1  1  0  0  0  1  1  0  1  1  1  3  3
  3  1  0  3  0  0  0  1  0  1  0  1  2  1  1  0  4  0  0  0  1  0  1  2  1  1  1  0  3  2  1  0  0  1  1  2  2  2  2  0  1  3  2  2  2  0  0  1  0  0
  0  2  0  1  0  1  0  1  2  1  1  0  2  2  1  0  1  2  0  1  3  1  0  1  2  0  0  1  0  1  0  1  1  2  1  0  2  0  0  1  0  2  1  2  0  0  0  2  1  0
  0  2  2  1  1  0  1  0  2  0  1  2  0  0  1  1  0  0  1  0  0  0  0  1  1  1  3  1  1  1  1  0  1  3  1  0  0  1  1  1  0  0  2  0  2  0  0  1  1  1
  1  1  0  1  0  3  0  2  0  0  1  0  1  1  1  0  0  0  1  1  2  0  3  1  0  4  2  1  1  1  1  1  2  0  0  3  3  1  2  0  2  3  1  0  0  0  1  1  0  0
  0  1  1  1  1  0  0  3  1  3  1  1  3  1  0  0  0  0  2  0  0  2  0  1  1  3  0  2  1  1  2  0  0  2  1  3  2  1  2  1  2  0  2  0  2  2  1  1  1  0
  0  0  0  0  0  2  1  1  1  1  1  2  1  3  0  0  0  1  2  3  1  2  2  0  2  2  1  0  1  0  1  1  1  1  1  1  0  0  1  1  1  0  0  1  2  0  0  0  2  3
  1  1  2  0  2  0  0  1  0  1  2  2  1  0  2  3  1  4  1  1  0  1  3  1  1  0  1  0  1  0  0  3  0  1  2  1  0  2  1  0  3  0  1  1  0  1  0  1  1  0
  2  1  2  1  0  2  2  0  2  1  1  1  0  2  1  2  1  1  0  2  2  1  0  1  1  1  0  2  0  1  3  0  1  1  1  2  3  0  2  1  1  1  1  1  2  1  1  3  3  0
  1  0  2  0  0  2  1  0  0  0  2  2  1  0  2  4  0  0  0  1  0  1  1  1  0  1  1  1  3  0  0  1  1  1  1  1  1  0  3  0  0  0  1  0  1  0  0  1  1  2
  2  1  0  0  2  0  0  1  0  1  1  0  2  0  1  1  1  2  0  0  0  1  2  1  2  1  0  1  0  2  0  1  1  2  1  1  1  1  1  2  1  3  0  2  0  1  1  2  1  0
  3  0  0  0  5  2  3  0  1  0  0  0  0  0  3  0  1  0  1  0  1  0  1  1  1  2  1  0  1  0  0  3  0  0  1  0  3  1  0  1  4  0  2  1  2  0  2  1  0  2
  2  3  0  0  4  0  2  3  0  3  0  1  0  1  0  1  2  0  0  0  1  2  1  0  1  4  0  0  0  0  0  1  0  0  0  2  0  1  1  1  1  1  3  2  2  2  0  0  3  0
  0  0  2  1  2  0  1  0  2

lowest is 0 highest is 5 empty is 381
highest count is at 64
A1198453026 Zaf 19 4
N1400909555 Tyjp 32 0.21
H1477530273 Kukf 50 3.31
U1004281949 Obv 49 0.85
L1779564660 Xalnlg 32 0.17

trying to search
P1429911332 Xbf 42 1.41
Y1098431884 Lljua 32 0.55
V1025438181 Xhui 31 3.89
Student with ID: A1234567891 could not be found
trying to remove
P1429911332 Xbf 42 1.41
V1025438181 Xhui 31 3.89
Y1098431884 Lljua 32 0.55
Student with ID: A1234567891 could not be removed
